<?xml version="1.0" encoding="UTF-8"?>
<testng-results ignored="0" total="1" passed="1" failed="0" skipped="0">
  <reporter-output>
  </reporter-output>
  <suite started-at="2021-12-03T23:27:33 IST" name="Default suite" finished-at="2021-12-03T23:28:00 IST" duration-ms="27023">
    <groups>
    </groups>
    <test started-at="2021-12-03T23:27:33 IST" name="Default test" finished-at="2021-12-03T23:28:00 IST" duration-ms="27023">
      <class name="Assignment.Work.MailLogin">
        <test-method signature="SenderLogin()[pri:0, instance:Assignment.Work.MailLogin@53ce1329]" started-at="2021-12-03T23:27:33 IST" name="SenderLogin" finished-at="2021-12-03T23:28:00 IST" duration-ms="26317" status="PASS">
          <reporter-output>
          </reporter-output>
        </test-method> <!-- SenderLogin -->
        <test-method is-config="true" signature="closebrowser()[pri:0, instance:Assignment.Work.MailLogin@53ce1329]" started-at="2021-12-03T23:28:00 IST" name="closebrowser" finished-at="2021-12-03T23:28:00 IST" duration-ms="650" status="PASS">
          <reporter-output>
          </reporter-output>
        </test-method> <!-- closebrowser -->
      </class> <!-- Assignment.Work.MailLogin -->
    </test> <!-- Default test -->
  </suite> <!-- Default suite -->
</testng-results>
